Flutter crash report; please file at https://github.com/flutter/flutter/issues.

## command

flutter packages get

## exception

YamlException: Error on line 53, column 20: Block sequence entries are not allowed here.
    image_path:    - assets/general_topics_backgrounds/generalTopicsBackground.png
                   ^

```
#0      Scanner._fetchBlockEntry (package:yaml/src/scanner.dart:657:9)
#1      Scanner._fetchNextToken (package:yaml/src/scanner.dart:429:11)
#2      Scanner._fetchMoreTokens (package:yaml/src/scanner.dart:339:7)
#3      Scanner.peek (package:yaml/src/scanner.dart:317:27)
#4      Scanner.advance (package:yaml/src/scanner.dart:311:12)
#5      Parser._parseBlockMappingValue (package:yaml/src/parser.dart:471:22)
#6      Parser._stateMachine (package:yaml/src/parser.dart:88:16)
#7      Parser.parse (package:yaml/src/parser.dart:47:19)
#8      Loader._loadMapping (package:yaml/src/loader.dart:165:37)
#9      Loader._loadNode (package:yaml/src/loader.dart:86:16)
#10     Loader._loadMapping (package:yaml/src/loader.dart:165:19)
#11     Loader._loadNode (package:yaml/src/loader.dart:86:16)
#12     Loader._loadMapping (package:yaml/src/loader.dart:165:19)
#13     Loader._loadNode (package:yaml/src/loader.dart:86:16)
#14     Loader._loadDocument (package:yaml/src/loader.dart:62:20)
#15     Loader.load (package:yaml/src/loader.dart:54:20)
#16     loadYamlDocument (package:yaml/yaml.dart:51:25)
#17     loadYamlNode (package:yaml/yaml.dart:42:5)
#18     loadYaml (package:yaml/yaml.dart:34:5)
#19     FlutterManifest.createFromString (package:flutter_tools/src/flutter_manifest.dart:50:28)
<asynchronous suspension>
#20     FlutterManifest.createFromPath (package:flutter_tools/src/flutter_manifest.dart:44:12)
<asynchronous suspension>
#21     FlutterProject.fromDirectory (package:flutter_tools/src/project.dart:26:60)
<asynchronous suspension>
#22     FlutterProject.fromPath (package:flutter_tools/src/project.dart:40:58)
#23     PackagesGetCommand.runCommand (package:flutter_tools/src/commands/packages.dart:83:61)
<asynchronous suspension>
#24     FlutterCommand.verifyThenRunCommand (package:flutter_tools/src/runner/flutter_command.dart:348:18)
#25     _asyncThenWrapperHelper.<anonymous closure> (dart:async/runtime/libasync_patch.dart:77:64)
#26     _rootRunUnary (dart:async/zone.dart:1132:38)
#27     _CustomZone.runUnary (dart:async/zone.dart:1029:19)
#28     _FutureListener.handleValue (dart:async/future_impl.dart:129:18)
#29     Future._propagateToListeners.handleValueCallback (dart:async/future_impl.dart:642:45)
#30     Future._propagateToListeners (dart:async/future_impl.dart:671:32)
#31     Future._complete (dart:async/future_impl.dart:476:7)
#32     _SyncCompleter.complete (dart:async/future_impl.dart:51:12)
#33     _AsyncAwaitCompleter.complete.<anonymous closure> (dart:async/runtime/libasync_patch.dart:33:20)
#34     _rootRun (dart:async/zone.dart:1124:13)
#35     _CustomZone.run (dart:async/zone.dart:1021:19)
#36     _CustomZone.bindCallback.<anonymous closure> (dart:async/zone.dart:947:23)
#37     _microtaskLoop (dart:async/schedule_microtask.dart:41:21)
#38     _startMicrotaskLoop (dart:async/schedule_microtask.dart:50:5)
#39     _runPendingImmediateCallback (dart:isolate/runtime/libisolate_patch.dart:113:13)
#40     _RawReceivePortImpl._handleMessage (dart:isolate/runtime/libisolate_patch.dart:166:5)
```

## flutter doctor

```
[✓] Flutter (Channel master, v0.5.8-pre.241, on Mac OS X 10.14 18A371a, locale en-US)
    • Flutter version 0.5.8-pre.241 at /Users/daniilgrodskiy/Downloads/flutter
    • Framework revision 8c02b8f889 (6 weeks ago), 2018-08-04 21:06:56 +0200
    • Engine revision 4893b0760d
    • Dart version 2.0.0-dev.69.5.flutter-8bad5c7b29

[✓] Android toolchain - develop for Android devices (Android SDK 27.0.3)
    • Android SDK at /Users/daniilgrodskiy/Library/Android/sdk
    • Android NDK location not configured (optional; useful for native profiling support)
    • Platform android-27, build-tools 27.0.3
    • Java binary at: /Applications/Android Studio.app/Contents/jre/jdk/Contents/Home/bin/java
    • Java version OpenJDK Runtime Environment (build 1.8.0_152-release-1024-b01)
    • All Android licenses accepted.

[✓] iOS toolchain - develop for iOS devices (Xcode 9.4.1)
    • Xcode at /Applications/Xcode.app/Contents/Developer
    • Xcode 9.4.1, Build version 9F2000
    • ios-deploy 1.9.2
    • CocoaPods version 1.5.3

[✓] Android Studio (version 3.1)
    • Android Studio at /Applications/Android Studio.app/Contents
    • Flutter plugin version 23.2.2
    • Dart plugin version 173.4700
    • Java version OpenJDK Runtime Environment (build 1.8.0_152-release-1024-b01)

[!] IntelliJ IDEA Community Edition (version 2017.3.2)
    • IntelliJ at /Applications/IntelliJ IDEA CE.app
    ✗ Flutter plugin not installed; this adds Flutter specific functionality.
    • Dart plugin version 173.4127.31
    • For information about installing plugins, see
      https://flutter.io/intellij-setup/#installing-the-plugins

[✓] Connected devices (1 available)
    • iPhone 8 • C6EFCBCB-4C11-416E-876E-66492D2C6B39 • ios • iOS 11.4 (simulator)

! Doctor found issues in 1 category.
```
